<?xml version="1.0" encoding="UTF-8"?>
<testng-results ignored="0" total="1" passed="1" failed="0" skipped="0">
  <reporter-output>
  </reporter-output>
  <suite started-at="2024-03-16T09:31:24 IST" name="Cucumber Parallel Suite" finished-at="2024-03-16T09:33:36 IST" duration-ms="132105">
    <groups>
      <group name="cucumber">
        <method signature="AbstractTestNGCucumberTests.runScenario(io.cucumber.testng.PickleWrapper,io.cucumber.testng.FeatureWrapper)[pri:0, instance:runner.TestRunner@48bb62]" name="runScenario" class="io.cucumber.testng.AbstractTestNGCucumberTests"/>
      </group> <!-- cucumber -->
    </groups>
    <test started-at="2024-03-16T09:31:24 IST" name="Cucumber Tests" finished-at="2024-03-16T09:33:36 IST" duration-ms="132105">
      <class name="runner.TestRunner">
        <test-method is-config="true" signature="setUpClass(org.testng.ITestContext)[pri:0, instance:runner.TestRunner@48bb62]" started-at="2024-03-16T09:31:24 IST" name="setUpClass" finished-at="2024-03-16T09:31:24 IST" duration-ms="326" status="PASS">
          <params>
            <param index="0">
              <value>
                <![CDATA[org.testng.TestRunner@776a6d9b]]>
              </value>
            </param>
          </params>
          <reporter-output>
          </reporter-output>
        </test-method> <!-- setUpClass -->
        <test-method signature="runScenario(io.cucumber.testng.PickleWrapper,io.cucumber.testng.FeatureWrapper)[pri:0, instance:runner.TestRunner@48bb62]" started-at="2024-03-16T09:31:24 IST" name="runScenario" description="Runs Cucumber Scenarios" data-provider="scenarios" finished-at="2024-03-16T09:33:34 IST" duration-ms="129874" status="PASS">
          <params>
            <param index="0">
              <value>
                <![CDATA["As a user of the Amazon website I want to be able to add products in cart and view products in cart"]]>
              </value>
            </param>
            <param index="1">
              <value>
                <![CDATA["Functionality for Amazon E-commerce Website"]]>
              </value>
            </param>
          </params>
          <reporter-output>
          </reporter-output>
        </test-method> <!-- runScenario -->
        <test-method is-config="true" signature="tearDownClass()[pri:0, instance:runner.TestRunner@48bb62]" started-at="2024-03-16T09:33:34 IST" name="tearDownClass" finished-at="2024-03-16T09:33:36 IST" duration-ms="1858" status="PASS">
          <reporter-output>
          </reporter-output>
        </test-method> <!-- tearDownClass -->
      </class> <!-- runner.TestRunner -->
    </test> <!-- Cucumber Tests -->
  </suite> <!-- Cucumber Parallel Suite -->
</testng-results>
